# JRE version: OpenJDK Runtime Environment (8.0_152-b01) (build 1.8.0_152-release-915-b01)
# Java VM: OpenJDK 64-Bit Server VM (25.152-b01 mixed mode linux-amd64 compressed oops)
Heap:
 PSYoungGen      total 231936K, used 171247K [0x00000000e0000000, 0x00000000f0d00000, 0x0000000100000000)
  eden space 194560K, 87% used [0x00000000e0000000,0x00000000ea6bc3a8,0x00000000ebe00000)
  from space 37376K, 1% used [0x00000000ee880000,0x00000000ee8ffbd0,0x00000000f0d00000)
  to   space 40448K, 0% used [0x00000000ebe00000,0x00000000ebe00000,0x00000000ee580000)
 ParOldGen       total 153088K, used 130505K [0x00000000a0000000, 0x00000000a9580000, 0x00000000e0000000)
  object space 153088K, 85% used [0x00000000a0000000,0x00000000a7f72580,0x00000000a9580000)
 Metaspace       used 80010K, capacity 83342K, committed 83584K, reserved 1122304K
  class space    used 9969K, capacity 10588K, committed 10624K, reserved 1048576K
GC Heap History (10 events):
Event: 239.418 GC heap before
{Heap before GC invocations=38 (full 4):
 PSYoungGen      total 164352K, used 135106K [0x00000000e0000000, 0x00000000ed400000, 0x0000000100000000)
  eden space 132096K, 100% used [0x00000000e0000000,0x00000000e8100000,0x00000000e8100000)
  from space 32256K, 9% used [0x00000000e8100000,0x00000000e83f0ab8,0x00000000ea080000)
  to   space 31744K, 0% used [0x00000000eb500000,0x00000000eb500000,0x00000000ed400000)
 ParOldGen       total 153088K, used 94477K [0x00000000a0000000, 0x00000000a9580000, 0x00000000e0000000)
  object space 153088K, 61% used [0x00000000a0000000,0x00000000a5c435a0,0x00000000a9580000)
 Metaspace       used 71809K, capacity 74410K, committed 74624K, reserved 1114112K
  class space    used 9148K, capacity 9597K, committed 9600K, reserved 1048576K
Event: 239.435 GC heap after
Heap after GC invocations=38 (full 4):
 PSYoungGen      total 177152K, used 10224K [0x00000000e0000000, 0x00000000ece00000, 0x0000000100000000)
  eden space 151552K, 0% used [0x00000000e0000000,0x00000000e0000000,0x00000000e9400000)
  from space 25600K, 39% used [0x00000000eb500000,0x00000000ebefc148,0x00000000ece00000)
  to   space 29696K, 0% used [0x00000000e9400000,0x00000000e9400000,0x00000000eb100000)
 ParOldGen       total 153088K, used 95746K [0x00000000a0000000, 0x00000000a9580000, 0x00000000e0000000)
  object space 153088K, 62% used [0x00000000a0000000,0x00000000a5d80b40,0x00000000a9580000)
 Metaspace       used 71809K, capacity 74410K, committed 74624K, reserved 1114112K
  class space    used 9148K, capacity 9597K, committed 9600K, reserved 1048576K
}
Event: 240.111 GC heap before
{Heap before GC invocations=39 (full 4):
 PSYoungGen      total 177152K, used 161776K [0x00000000e0000000, 0x00000000ece00000, 0x0000000100000000)
  eden space 151552K, 100% used [0x00000000e0000000,0x00000000e9400000,0x00000000e9400000)
  from space 25600K, 39% used [0x00000000eb500000,0x00000000ebefc148,0x00000000ece00000)
  to   space 29696K, 0% used [0x00000000e9400000,0x00000000e9400000,0x00000000eb100000)
 ParOldGen       total 153088K, used 95746K [0x00000000a0000000, 0x00000000a9580000, 0x00000000e0000000)
  object space 153088K, 62% used [0x00000000a0000000,0x00000000a5d80b40,0x00000000a9580000)
 Metaspace       used 71853K, capacity 74410K, committed 74624K, reserved 1114112K
  class space    used 9148K, capacity 9597K, committed 9600K, reserved 1048576K
Event: 240.158 GC heap after
Heap after GC invocations=39 (full 4):
 PSYoungGen      total 181248K, used 29679K [0x00000000e0000000, 0x00000000efc80000, 0x0000000100000000)
  eden space 151552K, 0% used [0x00000000e0000000,0x00000000e0000000,0x00000000e9400000)
  from space 29696K, 99% used [0x00000000e9400000,0x00000000eb0fbdf0,0x00000000eb100000)
  to   space 40960K, 0% used [0x00000000ed480000,0x00000000ed480000,0x00000000efc80000)
 ParOldGen       total 153088K, used 111801K [0x00000000a0000000, 0x00000000a9580000, 0x00000000e0000000)
  object space 153088K, 73% used [0x00000000a0000000,0x00000000a6d2e7a0,0x00000000a9580000)
 Metaspace       used 71853K, capacity 74410K, committed 74624K, reserved 1114112K
  class space    used 9148K, capacity 9597K, committed 9600K, reserved 1048576K
}
Event: 1916.633 GC heap before
{Heap before GC invocations=40 (full 4):
 PSYoungGen      total 181248K, used 181231K [0x00000000e0000000, 0x00000000efc80000, 0x0000000100000000)
  eden space 151552K, 100% used [0x00000000e0000000,0x00000000e9400000,0x00000000e9400000)
  from space 29696K, 99% used [0x00000000e9400000,0x00000000eb0fbdf0,0x00000000eb100000)
  to   space 40960K, 0% used [0x00000000ed480000,0x00000000ed480000,0x00000000efc80000)
 ParOldGen       total 153088K, used 111801K [0x00000000a0000000, 0x00000000a9580000, 0x00000000e0000000)
  object space 153088K, 73% used [0x00000000a0000000,0x00000000a6d2e7a0,0x00000000a9580000)
 Metaspace       used 72366K, capacity 75130K, committed 75264K, reserved 1114112K
  class space    used 9167K, capacity 9625K, committed 9728K, reserved 1048576K
Event: 1916.670 GC heap after
Heap after GC invocations=40 (full 4):
 PSYoungGen      total 208384K, used 11913K [0x00000000e0000000, 0x00000000ef600000, 0x0000000100000000)
  eden space 174080K, 0% used [0x00000000e0000000,0x00000000e0000000,0x00000000eaa00000)
  from space 34304K, 34% used [0x00000000ed480000,0x00000000ee022520,0x00000000ef600000)
  to   space 38912K, 0% used [0x00000000eaa00000,0x00000000eaa00000,0x00000000ed000000)
 ParOldGen       total 153088K, used 117864K [0x00000000a0000000, 0x00000000a9580000, 0x00000000e0000000)
  object space 153088K, 76% used [0x00000000a0000000,0x00000000a731a3b8,0x00000000a9580000)
 Metaspace       used 72366K, capacity 75130K, committed 75264K, reserved 1114112K
  class space    used 9167K, capacity 9625K, committed 9728K, reserved 1048576K
}
Event: 1934.742 GC heap before
{Heap before GC invocations=41 (full 4):
 PSYoungGen      total 208384K, used 185993K [0x00000000e0000000, 0x00000000ef600000, 0x0000000100000000)
  eden space 174080K, 100% used [0x00000000e0000000,0x00000000eaa00000,0x00000000eaa00000)
  from space 34304K, 34% used [0x00000000ed480000,0x00000000ee022520,0x00000000ef600000)
  to   space 38912K, 0% used [0x00000000eaa00000,0x00000000eaa00000,0x00000000ed000000)
 ParOldGen       total 153088K, used 117864K [0x00000000a0000000, 0x00000000a9580000, 0x00000000e0000000)
  object space 153088K, 76% used [0x00000000a0000000,0x00000000a731a3b8,0x00000000a9580000)
 Metaspace       used 72961K, capacity 75700K, committed 75776K, reserved 1116160K
  class space    used 9189K, capacity 9666K, committed 9728K, reserved 1048576K
Event: 1934.817 GC heap after
Heap after GC invocations=41 (full 4):
 PSYoungGen      total 212992K, used 25784K [0x00000000e0000000, 0x00000000f1000000, 0x0000000100000000)
  eden space 174080K, 0% used [0x00000000e0000000,0x00000000e0000000,0x00000000eaa00000)
  from space 38912K, 66% used [0x00000000eaa00000,0x00000000ec32e238,0x00000000ed000000)
  to   space 40448K, 0% used [0x00000000ee880000,0x00000000ee880000,0x00000000f1000000)
 ParOldGen       total 153088K, used 128441K [0x00000000a0000000, 0x00000000a9580000, 0x00000000e0000000)
  object space 153088K, 83% used [0x00000000a0000000,0x00000000a7d6e6f0,0x00000000a9580000)
 Metaspace       used 72961K, capacity 75700K, committed 75776K, reserved 1116160K
  class space    used 9189K, capacity 9666K, committed 9728K, reserved 1048576K
}
Event: 2114.158 GC heap before
{Heap before GC invocations=42 (full 4):
 PSYoungGen      total 212992K, used 199864K [0x00000000e0000000, 0x00000000f1000000, 0x0000000100000000)
  eden space 174080K, 100% used [0x00000000e0000000,0x00000000eaa00000,0x00000000eaa00000)
  from space 38912K, 66% used [0x00000000eaa00000,0x00000000ec32e238,0x00000000ed000000)
  to   space 40448K, 0% used [0x00000000ee880000,0x00000000ee880000,0x00000000f1000000)
 ParOldGen       total 153088K, used 128441K [0x00000000a0000000, 0x00000000a9580000, 0x00000000e0000000)
  object space 153088K, 83% used [0x00000000a0000000,0x00000000a7d6e6f0,0x00000000a9580000)
 Metaspace       used 73062K, capacity 75770K, committed 76032K, reserved 1116160K
  class space    used 9190K, capacity 9667K, committed 9728K, reserved 1048576K
Event: 2114.165 GC heap after
Heap after GC invocations=42 (full 4):
 PSYoungGen      total 231936K, used 510K [0x00000000e0000000, 0x00000000f0d00000, 0x0000000100000000)
  eden space 194560K, 0% used [0x00000000e0000000,0x00000000e0000000,0x00000000ebe00000)
  from space 37376K, 1% used [0x00000000ee880000,0x00000000ee8ffbd0,0x00000000f0d00000)
  to   space 40448K, 0% used [0x00000000ebe00000,0x00000000ebe00000,0x00000000ee580000)
 ParOldGen       total 153088K, used 130505K [0x00000000a0000000, 0x00000000a9580000, 0x00000000e0000000)
  object space 153088K, 85% used [0x00000000a0000000,0x00000000a7f72580,0x00000000a9580000)
 Metaspace       used 73062K, capacity 75770K, committed 76032K, reserved 1116160K
  class space    used 9190K, capacity 9667K, committed 9728K, reserved 1048576K
}

